Error	06/06/2014 [10:30:12:0531] +05:30		Shell object cannot be created. The container fails to resolve it.	

Error	06/06/2014 [10:31:17:9927] +05:30		Shell object cannot be created. The container fails to resolve it.	

Error	06/06/2014 [10:32:45:7878] +05:30		Shell object cannot be created. The container fails to resolve it.	

Error	06/06/2014 [10:32:59:2391] +05:30		Shell object cannot be created. The container fails to resolve it.	

Error	06/06/2014 [10:33:51:5038] +05:30		Shell object cannot be created. The container fails to resolve it.	

Error	06/06/2014 [10:34:32:7455] +05:30		Shell object cannot be created. The container fails to resolve it.	

Error	06/06/2014 [10:37:26:4296] +05:30		Shell object cannot be created. The container fails to resolve it.	

Verbose	06/06/2014 [10:42:24:1956] +05:30	MediaElement	UnloadSource (ad4f4692-007f-46a3-8d1a-e9fc9d0179f7)	

Verbose	06/06/2014 [10:42:24:1976] +05:30	MediaElement	LoadSource (ad4f4692-007f-46a3-8d1a-e9fc9d0179f7)	

Verbose	06/06/2014 [10:42:24:2296] +05:30	CreateLiveStream	Requesting cameras list	

Verbose	06/06/2014 [10:42:24:2356] +05:30	CreateLiveStream	Requesting live stream for source ad4f4692-007f-46a3-8d1a-e9fc9d0179f7	

Verbose	06/06/2014 [10:42:24:5374] +05:30	ServerControllerStreamExtensions	The new live stream for source ad4f4692-007f-46a3-8d1a-e9fc9d0179f7 is created. Total number of the live streams: 1.	

Verbose	06/06/2014 [10:42:24:5384] +05:30	CreateLiveStream	Stream 87818 for source ad4f4692-007f-46a3-8d1a-e9fc9d0179f7 created.	

Verbose	06/06/2014 [10:42:24:5434] +05:30	MediaElement	UnloadSource (ad4f4692-007f-46a3-8d1a-e9fc9d0179f7)	

Verbose	06/06/2014 [10:42:24:5434] +05:30	MediaElement	LoadSource (ad4f4692-007f-46a3-8d1a-e9fc9d0179f7)	

Verbose	06/06/2014 [10:42:24:5434] +05:30	CreateLiveStream	Requesting cameras list	

Verbose	06/06/2014 [10:42:24:5434] +05:30	CreateLiveStream	Requesting live stream for source ad4f4692-007f-46a3-8d1a-e9fc9d0179f7	

Verbose	06/06/2014 [10:42:24:5524] +05:30	ServerControllerStreamExtensions	The new live stream for source ad4f4692-007f-46a3-8d1a-e9fc9d0179f7 is created. Total number of the live streams: 2.	

Verbose	06/06/2014 [10:42:24:5524] +05:30	CreateLiveStream	Stream 86539 for source ad4f4692-007f-46a3-8d1a-e9fc9d0179f7 created.	

Verbose	06/06/2014 [10:42:24:7698] +05:30	ServerControllerStreamExtensions	The new playback stream for source ad4f4692-007f-46a3-8d1a-e9fc9d0179f7 is created. Total number of the playback streams: 1.	

Verbose	06/06/2014 [10:42:26:5227] +05:30	QL.Communication.Messaging.Messages.RecordingThumbnailMessage	QL.Communication.Server.ServerResponseException: -2147023728: Failed to get thumbnail	

Error	06/06/2014 [10:42:36:227] +05:30		Shell object cannot be created. The container fails to resolve it.	

Verbose	06/06/2014 [10:42:40:6024] +05:30	MediaElement	UnloadSource (ad4f4692-007f-46a3-8d1a-e9fc9d0179f7)	

Verbose	06/06/2014 [10:42:40:6044] +05:30	MediaElement	LoadSource (ad4f4692-007f-46a3-8d1a-e9fc9d0179f7)	

Verbose	06/06/2014 [10:42:40:6365] +05:30	CreateLiveStream	Requesting cameras list	

Verbose	06/06/2014 [10:42:40:6435] +05:30	CreateLiveStream	Requesting live stream for source ad4f4692-007f-46a3-8d1a-e9fc9d0179f7	

Verbose	06/06/2014 [10:42:40:7045] +05:30	ServerControllerStreamExtensions	The new live stream for source ad4f4692-007f-46a3-8d1a-e9fc9d0179f7 is created. Total number of the live streams: 1.	

Verbose	06/06/2014 [10:42:40:7055] +05:30	CreateLiveStream	Stream 92437 for source ad4f4692-007f-46a3-8d1a-e9fc9d0179f7 created.	

Verbose	06/06/2014 [10:42:40:7155] +05:30	MediaElement	UnloadSource (ad4f4692-007f-46a3-8d1a-e9fc9d0179f7)	

Verbose	06/06/2014 [10:42:40:7155] +05:30	MediaElement	LoadSource (ad4f4692-007f-46a3-8d1a-e9fc9d0179f7)	

Verbose	06/06/2014 [10:42:40:7155] +05:30	CreateLiveStream	Requesting cameras list	

Verbose	06/06/2014 [10:42:40:7165] +05:30	CreateLiveStream	Requesting live stream for source ad4f4692-007f-46a3-8d1a-e9fc9d0179f7	

Verbose	06/06/2014 [10:42:40:7255] +05:30	ServerControllerStreamExtensions	The new live stream for source ad4f4692-007f-46a3-8d1a-e9fc9d0179f7 is created. Total number of the live streams: 2.	

Verbose	06/06/2014 [10:42:40:7265] +05:30	CreateLiveStream	Stream 84749 for source ad4f4692-007f-46a3-8d1a-e9fc9d0179f7 created.	

Verbose	06/06/2014 [10:42:40:881] +05:30	ServerControllerStreamExtensions	The new playback stream for source ad4f4692-007f-46a3-8d1a-e9fc9d0179f7 is created. Total number of the playback streams: 1.	

Error	06/06/2014 [10:42:50:6377] +05:30		Shell object cannot be created. The container fails to resolve it.	

Verbose	06/06/2014 [10:43:00:2518] +05:30	MediaElement	UnloadSource (ad4f4692-007f-46a3-8d1a-e9fc9d0179f7)	

Verbose	06/06/2014 [10:43:00:2528] +05:30	MediaElement	LoadSource (ad4f4692-007f-46a3-8d1a-e9fc9d0179f7)	

Verbose	06/06/2014 [10:43:00:2658] +05:30	CreateLiveStream	Requesting cameras list	

Verbose	06/06/2014 [10:43:00:2688] +05:30	CreateLiveStream	Requesting live stream for source ad4f4692-007f-46a3-8d1a-e9fc9d0179f7	

Verbose	06/06/2014 [10:43:00:3132] +05:30	ServerControllerStreamExtensions	The new live stream for source ad4f4692-007f-46a3-8d1a-e9fc9d0179f7 is created. Total number of the live streams: 1.	

Verbose	06/06/2014 [10:43:00:3142] +05:30	CreateLiveStream	Stream 92694 for source ad4f4692-007f-46a3-8d1a-e9fc9d0179f7 created.	

Verbose	06/06/2014 [10:43:00:3152] +05:30	MediaElement	UnloadSource (ad4f4692-007f-46a3-8d1a-e9fc9d0179f7)	

Verbose	06/06/2014 [10:43:00:3152] +05:30	MediaElement	LoadSource (ad4f4692-007f-46a3-8d1a-e9fc9d0179f7)	

Verbose	06/06/2014 [10:43:00:3152] +05:30	CreateLiveStream	Requesting cameras list	

Verbose	06/06/2014 [10:43:00:3152] +05:30	CreateLiveStream	Requesting live stream for source ad4f4692-007f-46a3-8d1a-e9fc9d0179f7	

Verbose	06/06/2014 [10:43:00:3212] +05:30	ServerControllerStreamExtensions	The new live stream for source ad4f4692-007f-46a3-8d1a-e9fc9d0179f7 is created. Total number of the live streams: 2.	

Verbose	06/06/2014 [10:43:00:3222] +05:30	CreateLiveStream	Stream 86281 for source ad4f4692-007f-46a3-8d1a-e9fc9d0179f7 created.	

Verbose	06/06/2014 [10:43:00:4107] +05:30	ServerControllerStreamExtensions	The new playback stream for source ad4f4692-007f-46a3-8d1a-e9fc9d0179f7 is created. Total number of the playback streams: 1.	

Error	06/06/2014 [10:50:20:9604] +05:30		Shell object cannot be created. The container fails to resolve it.	

Verbose	06/06/2014 [10:50:27:1652] +05:30	MediaElement	UnloadSource (ad4f4692-007f-46a3-8d1a-e9fc9d0179f7)	

Verbose	06/06/2014 [10:50:27:1682] +05:30	MediaElement	LoadSource (ad4f4692-007f-46a3-8d1a-e9fc9d0179f7)	

Verbose	06/06/2014 [10:50:27:2073] +05:30	CreateLiveStream	Requesting cameras list	

Verbose	06/06/2014 [10:50:27:2143] +05:30	CreateLiveStream	Requesting live stream for source ad4f4692-007f-46a3-8d1a-e9fc9d0179f7	

Verbose	06/06/2014 [10:50:27:2595] +05:30	ServerControllerStreamExtensions	The new live stream for source ad4f4692-007f-46a3-8d1a-e9fc9d0179f7 is created. Total number of the live streams: 1.	

Verbose	06/06/2014 [10:50:27:2605] +05:30	CreateLiveStream	Stream 93959 for source ad4f4692-007f-46a3-8d1a-e9fc9d0179f7 created.	

Verbose	06/06/2014 [10:50:27:2655] +05:30	MediaElement	UnloadSource (ad4f4692-007f-46a3-8d1a-e9fc9d0179f7)	

Verbose	06/06/2014 [10:50:27:2655] +05:30	MediaElement	LoadSource (ad4f4692-007f-46a3-8d1a-e9fc9d0179f7)	

Verbose	06/06/2014 [10:50:27:2655] +05:30	CreateLiveStream	Requesting cameras list	

Verbose	06/06/2014 [10:50:27:2665] +05:30	CreateLiveStream	Requesting live stream for source ad4f4692-007f-46a3-8d1a-e9fc9d0179f7	

Verbose	06/06/2014 [10:50:27:2726] +05:30	ServerControllerStreamExtensions	The new live stream for source ad4f4692-007f-46a3-8d1a-e9fc9d0179f7 is created. Total number of the live streams: 2.	

Verbose	06/06/2014 [10:50:27:2726] +05:30	CreateLiveStream	Stream 94746 for source ad4f4692-007f-46a3-8d1a-e9fc9d0179f7 created.	

Verbose	06/06/2014 [10:50:27:3599] +05:30	ServerControllerStreamExtensions	The new playback stream for source ad4f4692-007f-46a3-8d1a-e9fc9d0179f7 is created. Total number of the playback streams: 1.	

Error	06/06/2014 [11:01:25:914] +05:30		Shell object cannot be created. The container fails to resolve it.	

Verbose	06/06/2014 [11:02:45:8393] +05:30	MediaElement	UnloadSource (ad4f4692-007f-46a3-8d1a-e9fc9d0179f7)	

Verbose	06/06/2014 [11:02:45:8603] +05:30	MediaElement	LoadSource (ad4f4692-007f-46a3-8d1a-e9fc9d0179f7)	

Verbose	06/06/2014 [11:02:45:9023] +05:30	CreateLiveStream	Requesting cameras list	

Verbose	06/06/2014 [11:02:47:4375] +05:30	CreateLiveStream	Requesting live stream for source ad4f4692-007f-46a3-8d1a-e9fc9d0179f7	

Verbose	06/06/2014 [11:02:51:289] +05:30	MediaElement	UnloadSource (ad4f4692-007f-46a3-8d1a-e9fc9d0179f7)	

Verbose	06/06/2014 [11:02:51:29] +05:30	MediaElement	LoadSource (ad4f4692-007f-46a3-8d1a-e9fc9d0179f7)	

Verbose	06/06/2014 [11:02:51:29] +05:30	CreateLiveStream	Requesting cameras list	

Verbose	06/06/2014 [11:02:51:29] +05:30	CreateLiveStream	Requesting live stream for source ad4f4692-007f-46a3-8d1a-e9fc9d0179f7	

Verbose	06/06/2014 [11:02:51:2966] +05:30	ServerControllerStreamExtensions	The new live stream for source ad4f4692-007f-46a3-8d1a-e9fc9d0179f7 is created. Total number of the live streams: 1.	

Verbose	06/06/2014 [11:02:51:2976] +05:30	CreateLiveStream	Stream 106780 for source ad4f4692-007f-46a3-8d1a-e9fc9d0179f7 created.	

Verbose	06/06/2014 [11:02:51:3029] +05:30	ServerControllerStreamExtensions	The new live stream for source ad4f4692-007f-46a3-8d1a-e9fc9d0179f7 is created. Total number of the live streams: 2.	

Verbose	06/06/2014 [11:02:51:3029] +05:30	CreateLiveStream	Stream 110084 for source ad4f4692-007f-46a3-8d1a-e9fc9d0179f7 created.	

Verbose	06/06/2014 [11:02:51:4008] +05:30	ServerControllerStreamExtensions	The new playback stream for source ad4f4692-007f-46a3-8d1a-e9fc9d0179f7 is created. Total number of the playback streams: 1.	

Error	06/06/2014 [11:03:01:6232] +05:30		Shell object cannot be created. The container fails to resolve it.	

Verbose	06/06/2014 [11:03:11:662] +05:30	MediaElement	UnloadSource (ad4f4692-007f-46a3-8d1a-e9fc9d0179f7)	

Verbose	06/06/2014 [11:03:11:677] +05:30	MediaElement	LoadSource (ad4f4692-007f-46a3-8d1a-e9fc9d0179f7)	

Verbose	06/06/2014 [11:03:11:927] +05:30	CreateLiveStream	Requesting cameras list	

Verbose	06/06/2014 [11:03:12:6489] +05:30	CreateLiveStream	Requesting live stream for source ad4f4692-007f-46a3-8d1a-e9fc9d0179f7	

Verbose	06/06/2014 [11:03:13:4819] +05:30	ServerControllerStreamExtensions	The new live stream for source ad4f4692-007f-46a3-8d1a-e9fc9d0179f7 is created. Total number of the live streams: 1.	

Verbose	06/06/2014 [11:03:13:4829] +05:30	CreateLiveStream	Stream 89608 for source ad4f4692-007f-46a3-8d1a-e9fc9d0179f7 created.	

Verbose	06/06/2014 [11:03:13:4859] +05:30	MediaElement	UnloadSource (ad4f4692-007f-46a3-8d1a-e9fc9d0179f7)	

Verbose	06/06/2014 [11:03:13:4859] +05:30	MediaElement	LoadSource (ad4f4692-007f-46a3-8d1a-e9fc9d0179f7)	

Verbose	06/06/2014 [11:03:13:4869] +05:30	CreateLiveStream	Requesting cameras list	

Verbose	06/06/2014 [11:03:13:4869] +05:30	CreateLiveStream	Requesting live stream for source ad4f4692-007f-46a3-8d1a-e9fc9d0179f7	

Verbose	06/06/2014 [11:03:13:4979] +05:30	ServerControllerStreamExtensions	The new live stream for source ad4f4692-007f-46a3-8d1a-e9fc9d0179f7 is created. Total number of the live streams: 2.	

Verbose	06/06/2014 [11:03:13:4979] +05:30	CreateLiveStream	Stream 109831 for source ad4f4692-007f-46a3-8d1a-e9fc9d0179f7 created.	

Verbose	06/06/2014 [11:03:13:5851] +05:30	ServerControllerStreamExtensions	The new playback stream for source ad4f4692-007f-46a3-8d1a-e9fc9d0179f7 is created. Total number of the playback streams: 1.	

Error	06/06/2014 [11:31:16:7041] +05:30		Shell object cannot be created. The container fails to resolve it.	

Verbose	06/06/2014 [11:31:21:7855] +05:30	MediaElement	UnloadSource (ad4f4692-007f-46a3-8d1a-e9fc9d0179f7)	

Verbose	06/06/2014 [11:31:21:7875] +05:30	MediaElement	LoadSource (ad4f4692-007f-46a3-8d1a-e9fc9d0179f7)	

Verbose	06/06/2014 [11:31:21:8175] +05:30	CreateLiveStream	Requesting cameras list	

Verbose	06/06/2014 [11:31:21:8225] +05:30	CreateLiveStream	Requesting live stream for source ad4f4692-007f-46a3-8d1a-e9fc9d0179f7	

Verbose	06/06/2014 [11:31:21:9604] +05:30	ServerControllerStreamExtensions	The new live stream for source ad4f4692-007f-46a3-8d1a-e9fc9d0179f7 is created. Total number of the live streams: 1.	

Verbose	06/06/2014 [11:31:21:9614] +05:30	CreateLiveStream	Stream 78342 for source ad4f4692-007f-46a3-8d1a-e9fc9d0179f7 created.	

Verbose	06/06/2014 [11:31:21:9634] +05:30	MediaElement	UnloadSource (ad4f4692-007f-46a3-8d1a-e9fc9d0179f7)	

Verbose	06/06/2014 [11:31:21:9634] +05:30	MediaElement	LoadSource (ad4f4692-007f-46a3-8d1a-e9fc9d0179f7)	

Verbose	06/06/2014 [11:31:21:9634] +05:30	CreateLiveStream	Requesting cameras list	

Verbose	06/06/2014 [11:31:21:9634] +05:30	CreateLiveStream	Requesting live stream for source ad4f4692-007f-46a3-8d1a-e9fc9d0179f7	

Verbose	06/06/2014 [11:31:21:9738] +05:30	ServerControllerStreamExtensions	The new live stream for source ad4f4692-007f-46a3-8d1a-e9fc9d0179f7 is created. Total number of the live streams: 2.	

Verbose	06/06/2014 [11:31:21:9738] +05:30	CreateLiveStream	Stream 74525 for source ad4f4692-007f-46a3-8d1a-e9fc9d0179f7 created.	

Verbose	06/06/2014 [11:31:22:0464] +05:30	ServerControllerStreamExtensions	The new playback stream for source ad4f4692-007f-46a3-8d1a-e9fc9d0179f7 is created. Total number of the playback streams: 1.	

Error	06/06/2014 [11:31:47:734] +05:30		Shell object cannot be created. The container fails to resolve it.	

Verbose	06/06/2014 [11:31:56:4658] +05:30	MediaElement	UnloadSource (ad4f4692-007f-46a3-8d1a-e9fc9d0179f7)	

Verbose	06/06/2014 [11:31:56:5023] +05:30	MediaElement	LoadSource (ad4f4692-007f-46a3-8d1a-e9fc9d0179f7)	

Verbose	06/06/2014 [11:31:56:6164] +05:30	CreateLiveStream	Requesting cameras list	

Verbose	06/06/2014 [11:31:57:2221] +05:30	CreateLiveStream	Requesting live stream for source ad4f4692-007f-46a3-8d1a-e9fc9d0179f7	

Verbose	06/06/2014 [11:31:57:778] +05:30	ServerControllerStreamExtensions	The new live stream for source ad4f4692-007f-46a3-8d1a-e9fc9d0179f7 is created. Total number of the live streams: 1.	

Verbose	06/06/2014 [11:31:57:779] +05:30	CreateLiveStream	Stream 110868 for source ad4f4692-007f-46a3-8d1a-e9fc9d0179f7 created.	

Verbose	06/06/2014 [11:31:57:78] +05:30	MediaElement	UnloadSource (ad4f4692-007f-46a3-8d1a-e9fc9d0179f7)	

Verbose	06/06/2014 [11:31:57:78] +05:30	MediaElement	LoadSource (ad4f4692-007f-46a3-8d1a-e9fc9d0179f7)	

Verbose	06/06/2014 [11:31:57:78] +05:30	CreateLiveStream	Requesting cameras list	

Verbose	06/06/2014 [11:31:57:78] +05:30	CreateLiveStream	Requesting live stream for source ad4f4692-007f-46a3-8d1a-e9fc9d0179f7	

Verbose	06/06/2014 [11:31:57:791] +05:30	ServerControllerStreamExtensions	The new live stream for source ad4f4692-007f-46a3-8d1a-e9fc9d0179f7 is created. Total number of the live streams: 2.	

Verbose	06/06/2014 [11:31:57:791] +05:30	CreateLiveStream	Stream 124690 for source ad4f4692-007f-46a3-8d1a-e9fc9d0179f7 created.	

Verbose	06/06/2014 [11:31:57:857] +05:30	ServerControllerStreamExtensions	The new playback stream for source ad4f4692-007f-46a3-8d1a-e9fc9d0179f7 is created. Total number of the playback streams: 1.	

Error	06/06/2014 [11:36:46:7013] +05:30		Shell object cannot be created. The container fails to resolve it.	

Verbose	06/06/2014 [11:36:51:2786] +05:30	MediaElement	UnloadSource (ad4f4692-007f-46a3-8d1a-e9fc9d0179f7)	

Verbose	06/06/2014 [11:36:51:2816] +05:30	MediaElement	LoadSource (ad4f4692-007f-46a3-8d1a-e9fc9d0179f7)	

Verbose	06/06/2014 [11:36:51:3136] +05:30	CreateLiveStream	Requesting cameras list	

Verbose	06/06/2014 [11:36:51:3186] +05:30	CreateLiveStream	Requesting live stream for source ad4f4692-007f-46a3-8d1a-e9fc9d0179f7	

Verbose	06/06/2014 [11:36:51:4203] +05:30	ServerControllerStreamExtensions	The new live stream for source ad4f4692-007f-46a3-8d1a-e9fc9d0179f7 is created. Total number of the live streams: 1.	

Verbose	06/06/2014 [11:36:51:4213] +05:30	CreateLiveStream	Stream 79119 for source ad4f4692-007f-46a3-8d1a-e9fc9d0179f7 created.	

Verbose	06/06/2014 [11:36:51:4253] +05:30	MediaElement	UnloadSource (ad4f4692-007f-46a3-8d1a-e9fc9d0179f7)	

Verbose	06/06/2014 [11:36:51:4253] +05:30	MediaElement	LoadSource (ad4f4692-007f-46a3-8d1a-e9fc9d0179f7)	

Verbose	06/06/2014 [11:36:51:4263] +05:30	CreateLiveStream	Requesting cameras list	

Verbose	06/06/2014 [11:36:51:4467] +05:30	CreateLiveStream	Requesting live stream for source ad4f4692-007f-46a3-8d1a-e9fc9d0179f7	

Verbose	06/06/2014 [11:36:51:4581] +05:30	ServerControllerStreamExtensions	The new live stream for source ad4f4692-007f-46a3-8d1a-e9fc9d0179f7 is created. Total number of the live streams: 2.	

Verbose	06/06/2014 [11:36:51:4581] +05:30	CreateLiveStream	Stream 81437 for source ad4f4692-007f-46a3-8d1a-e9fc9d0179f7 created.	

Verbose	06/06/2014 [11:36:51:5405] +05:30	ServerControllerStreamExtensions	The new playback stream for source ad4f4692-007f-46a3-8d1a-e9fc9d0179f7 is created. Total number of the playback streams: 1.	

